<?xml version="1.0" encoding="UTF-8"?>
<!-- Generated by org.testng.reporters.JUnitReportReporter -->
<testsuite hostname="DESKTOP-9QNQ3PS" failures="0" tests="4" name="com.actitime.testscript.CustomerModifyWithAnnotations" time="0.016" errors="0" timestamp="2023-12-14T13:21:48 IST" skipped="0">
  <testcase classname="com.actitime.testscript.CustomerModifyWithAnnotations" name="modifyCustomer" time="0.006"/>
  <system-out>
    <![CDATA[Modify Customer]]>
  </system-out>
  <testcase classname="com.actitime.testscript.CustomerModifyWithAnnotations" name="deleteCustomer" time="0.004"/>
  <system-out>
    <![CDATA[Delete Customer]]>
  </system-out>
  <testcase classname="com.actitime.testscript.CustomerModifyWithAnnotations" name="creatCustomer" time="0.005"/>
  <system-out>
    <![CDATA[Create Customer]]>
  </system-out>
  <testcase classname="com.actitime.testscript.CustomerModifyWithAnnotations" name="creatCustomer" time="0.001"/>
  <system-out>
    <![CDATA[Create Customer]]>
  </system-out>
</testsuite> <!-- com.actitime.testscript.CustomerModifyWithAnnotations -->
