<?xml version="1.0" encoding="UTF-8"?>
<!-- Generated by org.testng.reporters.JUnitReportReporter -->
<testsuite hostname="DESKTOP-9QNQ3PS" failures="0" tests="3" name="com.actitime.testscript.DemoForReport" time="0.019" errors="0" timestamp="2023-12-12T22:32:03 GMT-08:00" skipped="0">
  <testcase classname="com.actitime.testscript.DemoForReport" name="test2" time="0.011"/>
  <system-out>
    <![CDATA[hello]]>
  </system-out>
  <testcase classname="com.actitime.testscript.DemoForReport" name="test1" time="0.005"/>
  <system-out/>
  <testcase classname="com.actitime.testscript.DemoForReport" name="test3" time="0.003"/>
  <system-out>
    <![CDATA[bye]]>
  </system-out>
</testsuite> <!-- com.actitime.testscript.DemoForReport -->
